2025-12-01 17:29:25,972 [INFO] Activator:176 - 


2025-12-01 17:29:25,977 [INFO] Activator:177 - !SESSION log4j initialized
2025-12-01 17:29:29,643 [INFO] LogOutputStream:77 - [STDOUT_REDIRECT] 
2025-12-01 17:29:32,555 [INFO] ApplicationProperties:184 - Using Application install path: C:\ST\STM32CubeIDE_1.19.0\STM32CubeIDE\plugins\com.st.stm32cube.common.mx_6.15.0.202507011659
2025-12-01 17:29:32,581 [INFO] DbMcusXml:78 - Set database path to: C:\ST\STM32CubeIDE_1.19.0\STM32CubeIDE\plugins\com.st.stm32cube.common.mx_6.15.0.202507011659\\db\/mcu/
2025-12-01 17:29:32,582 [INFO] ApiDb:274 - Set plugin database path to: C:\ST\STM32CubeIDE_1.19.0\STM32CubeIDE\plugins\com.st.stm32cube.common.mx_6.15.0.202507011659\\db\/plugins/boardmanager/
2025-12-01 17:29:32,583 [WARN] ApiDb:259 - Overriding images path with different value:  => C:\ST\STM32CubeIDE_1.19.0\STM32CubeIDE\plugins\com.st.stm32cube.common.mx_6.15.0.202507011659\\db\/plugins/mcufinder/images/
2025-12-01 17:29:32,593 [INFO] ApiDb:250 - Set database path to: C:\Users\urvih\.stmcufinder\plugins\mcufinder//mcu/
2025-12-01 17:29:32,595 [INFO] DbMcusAds:125 - Set database path to: C:\Users\urvih\.stmcufinder\plugins\mcufinder//mcu/
2025-12-01 17:29:32,599 [INFO] CrossReferenceDbSqlite:203 - Set database path to: C:\Users\urvih\.stmcufinder\plugins\mcufinder//mcu/cs/
2025-12-01 17:29:32,800 [INFO] RulesReader:64 - Compatibility file has been processed (317 Rules)
2025-12-01 17:29:32,916 [INFO] DbMcusXml:78 - Set database path to: C:\ST\STM32CubeIDE_1.19.0\STM32CubeIDE\plugins\com.st.stm32cube.common.mx_6.15.0.202507011659\\db\/mcu/
2025-12-01 17:29:32,917 [INFO] ApiDb:274 - Set plugin database path to: C:\ST\STM32CubeIDE_1.19.0\STM32CubeIDE\plugins\com.st.stm32cube.common.mx_6.15.0.202507011659\\db\/plugins/boardmanager/
2025-12-01 17:29:32,917 [INFO] ApiDb:261 - Set plugin images path to: C:\ST\STM32CubeIDE_1.19.0\STM32CubeIDE\plugins\com.st.stm32cube.common.mx_6.15.0.202507011659\\db\/plugins/mcufinder/images/
2025-12-01 17:29:32,917 [WARN] DbFile:41 - Overriding database path with different value: C:\Users\urvih\.stmcufinder\plugins\mcufinder/ => C:\Users\urvih\.stmcufinder\plugins\mcufinder
2025-12-01 17:29:32,917 [INFO] ApiDb:250 - Set database path to: C:\Users\urvih\.stmcufinder\plugins\mcufinder//mcu/
2025-12-01 17:29:32,917 [WARN] DbFile:41 - Overriding database path with different value: C:\Users\urvih\.stmcufinder\plugins\mcufinder/ => C:\Users\urvih\.stmcufinder\plugins\mcufinder
2025-12-01 17:29:32,918 [INFO] DbMcusAds:125 - Set database path to: C:\Users\urvih\.stmcufinder\plugins\mcufinder//mcu/
2025-12-01 17:29:32,918 [WARN] DbFile:41 - Overriding database path with different value: C:\Users\urvih\.stmcufinder\plugins\mcufinder/ => C:\Users\urvih\.stmcufinder\plugins\mcufinder
2025-12-01 17:29:32,918 [WARN] DbFile:41 - Overriding database path with different value: C:\Users\urvih\.stmcufinder\plugins\mcufinder/ => C:\Users\urvih\.stmcufinder\plugins\mcufinder
2025-12-01 17:29:32,918 [INFO] CrossReferenceDbSqlite:203 - Set database path to: C:\Users\urvih\.stmcufinder\plugins\mcufinder//mcu/cs/
2025-12-01 17:29:33,031 [INFO] MainPanel:274 - HeapMemory: 268435456
2025-12-01 17:29:33,175 [INFO] DbMcusXml:78 - Set database path to: C:\ST\STM32CubeIDE_1.19.0\STM32CubeIDE\plugins\com.st.stm32cube.common.mx_6.15.0.202507011659\\db\/mcu/
2025-12-01 17:29:33,175 [INFO] ApiDb:274 - Set plugin database path to: C:\ST\STM32CubeIDE_1.19.0\STM32CubeIDE\plugins\com.st.stm32cube.common.mx_6.15.0.202507011659\\db\/plugins/boardmanager/
2025-12-01 17:29:33,175 [INFO] ApiDb:261 - Set plugin images path to: C:\ST\STM32CubeIDE_1.19.0\STM32CubeIDE\plugins\com.st.stm32cube.common.mx_6.15.0.202507011659\\db\/plugins/mcufinder/images/
2025-12-01 17:29:33,175 [WARN] DbFile:41 - Overriding database path with different value: C:\Users\urvih\.stmcufinder\plugins\mcufinder/ => C:\Users\urvih\.stmcufinder\plugins\mcufinder
2025-12-01 17:29:33,175 [INFO] ApiDb:250 - Set database path to: C:\Users\urvih\.stmcufinder\plugins\mcufinder//mcu/
2025-12-01 17:29:33,175 [WARN] DbFile:41 - Overriding database path with different value: C:\Users\urvih\.stmcufinder\plugins\mcufinder/ => C:\Users\urvih\.stmcufinder\plugins\mcufinder
2025-12-01 17:29:33,176 [INFO] DbMcusAds:125 - Set database path to: C:\Users\urvih\.stmcufinder\plugins\mcufinder//mcu/
2025-12-01 17:29:33,176 [WARN] DbFile:41 - Overriding database path with different value: C:\Users\urvih\.stmcufinder\plugins\mcufinder/ => C:\Users\urvih\.stmcufinder\plugins\mcufinder
2025-12-01 17:29:33,177 [WARN] DbFile:41 - Overriding database path with different value: C:\Users\urvih\.stmcufinder\plugins\mcufinder/ => C:\Users\urvih\.stmcufinder\plugins\mcufinder
2025-12-01 17:29:33,177 [INFO] CrossReferenceDbSqlite:203 - Set database path to: C:\Users\urvih\.stmcufinder\plugins\mcufinder//mcu/cs/
2025-12-01 17:29:33,206 [INFO] ApplicationProperties:184 - Using Application install path: C:\ST\STM32CubeIDE_1.19.0\STM32CubeIDE\plugins\com.st.stm32cube.common.mx_6.15.0.202507011659
2025-12-01 17:29:33,208 [INFO] PluginManage:196 - Search for loadable plugins [exclusion list=, ]
2025-12-01 17:29:33,211 [INFO] PluginManage:310 - Check plugin analytics
2025-12-01 17:29:33,528 [INFO] AnalyticsPlugin:253 - Accepted Software Licenses: 
2025-12-01 17:29:33,529 [INFO] AnalyticsPlugin:255 - Accepted CMSIS Pack Licenses: 
2025-12-01 17:29:33,529 [INFO] AnalyticsPlugin:257 - Accepted Firmware Licenses: FW.F7.1.17.0
2025-12-01 17:29:33,535 [INFO] PluginManage:359 - Loaded plugin analytics (category:tool,tabindex:-1)
2025-12-01 17:29:33,535 [INFO] PluginManage:310 - Check plugin cadmodel
2025-12-01 17:29:33,540 [INFO] CADModel:105 - Init CAD model plugin
2025-12-01 17:29:33,541 [INFO] PluginManage:359 - Loaded plugin cadmodel (category:power,tabindex:5)
2025-12-01 17:29:33,541 [INFO] PluginManage:310 - Check plugin clock
2025-12-01 17:29:33,557 [INFO] PluginManage:359 - Loaded plugin clock (category:base,tabindex:2)
2025-12-01 17:29:33,557 [INFO] PluginManage:310 - Check plugin ddr
2025-12-01 17:29:33,561 [INFO] PluginManage:359 - Loaded plugin ddr (category:tool,tabindex:6)
2025-12-01 17:29:33,562 [INFO] PluginManage:310 - Check plugin filemanager
2025-12-01 17:29:33,855 [INFO] PluginManage:359 - Loaded plugin filemanager (category:base,tabindex:10)
2025-12-01 17:29:33,855 [INFO] PluginManage:310 - Check plugin ipmanager
2025-12-01 17:29:33,868 [INFO] PluginManage:359 - Loaded plugin ipmanager (category:base,tabindex:5)
2025-12-01 17:29:33,869 [INFO] PluginManage:310 - Check plugin lpbam
2025-12-01 17:29:33,882 [INFO] PluginManage:359 - Loaded plugin lpbam (category:base,tabindex:0)
2025-12-01 17:29:33,882 [INFO] PluginManage:310 - Check plugin memorymap
2025-12-01 17:29:33,900 [INFO] PluginManage:359 - Loaded plugin memorymap (category:base,tabindex:4)
2025-12-01 17:29:33,900 [INFO] PluginManage:310 - Check plugin pinoutandconfiguration
2025-12-01 17:29:33,909 [INFO] PluginManage:359 - Loaded plugin pinoutandconfiguration (category:base,tabindex:1)
2025-12-01 17:29:33,909 [INFO] PluginManage:310 - Check plugin pinoutconfig
2025-12-01 17:29:34,025 [WARN] SupportedApi:132 - Cannot load RTOS API schema: s4s-elt-must-match.1: The content of 'definitions' must match (annotation?, (simpleType | complexType)?, (unique | key | keyref)*)). A problem was found starting at: attribute.
2025-12-01 17:29:34,206 [INFO] PluginManage:359 - Loaded plugin pinoutconfig (category:base,tabindex:0)
2025-12-01 17:29:34,206 [INFO] PluginManage:310 - Check plugin power
2025-12-01 17:29:34,217 [INFO] PluginManage:359 - Loaded plugin power (category:power,tabindex:4)
2025-12-01 17:29:34,217 [INFO] PluginManage:310 - Check plugin projectmanager
2025-12-01 17:29:34,247 [INFO] PluginManage:359 - Loaded plugin projectmanager (category:projectmanager,tabindex:4)
2025-12-01 17:29:34,248 [INFO] PluginManage:310 - Check plugin rif
2025-12-01 17:29:34,260 [INFO] PluginManage:359 - Loaded plugin rif (category:base,tabindex:3)
2025-12-01 17:29:34,261 [INFO] PluginManage:310 - Check plugin thirdparty
2025-12-01 17:29:34,469 [INFO] PluginManage:359 - Loaded plugin thirdparty (category:base,tabindex:-1)
2025-12-01 17:29:34,469 [WARN] IntegrityCheckThread:84 - waiting for thirdparty lock release [integrity check]
2025-12-01 17:29:34,469 [INFO] IntegrityCheckThread:86 - entering critical section [integrity check]
2025-12-01 17:29:34,469 [INFO] PluginManage:310 - Check plugin tools
2025-12-01 17:29:34,470 [INFO] ThirdPartyUpdaterWithRetryManager:70 - Updater plugin not ready yet. [1/15]
2025-12-01 17:29:34,474 [INFO] PluginManage:359 - Loaded plugin tools (category:base,tabindex:7)
2025-12-01 17:29:34,474 [INFO] PluginManage:310 - Check plugin tutovideos
2025-12-01 17:29:34,703 [INFO] PluginManage:359 - Loaded plugin tutovideos (category:base,tabindex:-1)
2025-12-01 17:29:34,703 [INFO] PluginManage:310 - Check plugin updater
2025-12-01 17:29:34,733 [INFO] PluginManage:359 - Loaded plugin updater (category:base,tabindex:12)
2025-12-01 17:29:34,733 [INFO] PluginManage:310 - Check plugin userauth
2025-12-01 17:29:34,737 [INFO] UserAuth:118 - Init User Auth plugin
2025-12-01 17:29:34,738 [INFO] PluginManage:359 - Loaded plugin userauth (category:base,tabindex:14)
2025-12-01 17:29:34,739 [INFO] PluginManage:283 - PluginManage : Loaded plugins [18]
2025-12-01 17:29:35,025 [INFO] PinOutPanel:1589 - setPackage(No Configuration,No Configuration)
2025-12-01 17:29:35,141 [INFO] CADModel:165 - CPN selected for project level
2025-12-01 17:29:35,142 [INFO] CADModel:114 - Register for checkConnection events
2025-12-01 17:29:35,165 [INFO] IPUIPlugin:80 - create IPUIPlugin
2025-12-01 17:29:35,165 [INFO] PluginManager:220 - loadIPPluginJar : add adc
2025-12-01 17:29:35,170 [INFO] IPUIPlugin:80 - create IPUIPlugin
2025-12-01 17:29:35,170 [INFO] PluginManager:220 - loadIPPluginJar : add aes
2025-12-01 17:29:35,174 [INFO] IPUIPlugin:80 - create IPUIPlugin
2025-12-01 17:29:35,174 [INFO] PluginManager:220 - loadIPPluginJar : add can
2025-12-01 17:29:35,177 [INFO] IPUIPlugin:80 - create IPUIPlugin
2025-12-01 17:29:35,177 [INFO] PluginManager:220 - loadIPPluginJar : add comp
2025-12-01 17:29:35,181 [INFO] IPUIPlugin:80 - create IPUIPlugin
2025-12-01 17:29:35,181 [INFO] PluginManager:220 - loadIPPluginJar : add cryp
2025-12-01 17:29:35,185 [INFO] IPUIPlugin:80 - create IPUIPlugin
2025-12-01 17:29:35,185 [INFO] PluginManager:220 - loadIPPluginJar : add ddr_ctrl_phy
2025-12-01 17:29:35,190 [INFO] IPUIPlugin:80 - create IPUIPlugin
2025-12-01 17:29:35,190 [INFO] PluginManager:220 - loadIPPluginJar : add dfsdm
2025-12-01 17:29:35,198 [INFO] IPUIPlugin:80 - create IPUIPlugin
2025-12-01 17:29:35,199 [INFO] PluginManager:220 - loadIPPluginJar : add dma
2025-12-01 17:29:35,204 [INFO] IPUIPlugin:80 - create IPUIPlugin
2025-12-01 17:29:35,204 [INFO] PluginManager:220 - loadIPPluginJar : add dma3
2025-12-01 17:29:35,208 [INFO] IPUIPlugin:80 - create IPUIPlugin
2025-12-01 17:29:35,208 [INFO] PluginManager:220 - loadIPPluginJar : add extmemmanager
2025-12-01 17:29:35,211 [INFO] IPUIPlugin:80 - create IPUIPlugin
2025-12-01 17:29:35,211 [INFO] PluginManager:220 - loadIPPluginJar : add fatfs
2025-12-01 17:29:35,218 [INFO] IPUIPlugin:80 - create IPUIPlugin
2025-12-01 17:29:35,218 [INFO] PluginManager:220 - loadIPPluginJar : add fmc
2025-12-01 17:29:35,229 [INFO] IPUIPlugin:80 - create IPUIPlugin
2025-12-01 17:29:35,229 [INFO] PluginManager:220 - loadIPPluginJar : add freertos
2025-12-01 17:29:35,232 [INFO] IPUIPlugin:80 - create IPUIPlugin
2025-12-01 17:29:35,232 [INFO] PluginManager:220 - loadIPPluginJar : add genericplugin
2025-12-01 17:29:35,236 [INFO] IPUIPlugin:80 - create IPUIPlugin
2025-12-01 17:29:35,237 [INFO] PluginManager:220 - loadIPPluginJar : add gfxmmu
2025-12-01 17:29:35,244 [INFO] IPUIPlugin:80 - create IPUIPlugin
2025-12-01 17:29:35,244 [INFO] PluginManager:220 - loadIPPluginJar : add gic
2025-12-01 17:29:35,249 [INFO] IPUIPlugin:80 - create IPUIPlugin
2025-12-01 17:29:35,250 [INFO] PluginManager:220 - loadIPPluginJar : add gpio
2025-12-01 17:29:35,254 [INFO] IPUIPlugin:80 - create IPUIPlugin
2025-12-01 17:29:35,255 [INFO] PluginManager:220 - loadIPPluginJar : add gtzc
2025-12-01 17:29:35,259 [INFO] IPUIPlugin:80 - create IPUIPlugin
2025-12-01 17:29:35,259 [INFO] PluginManager:220 - loadIPPluginJar : add hash
2025-12-01 17:29:35,263 [INFO] IPUIPlugin:80 - create IPUIPlugin
2025-12-01 17:29:35,264 [INFO] PluginManager:220 - loadIPPluginJar : add i2c
2025-12-01 17:29:35,268 [INFO] IPUIPlugin:80 - create IPUIPlugin
2025-12-01 17:29:35,269 [INFO] PluginManager:220 - loadIPPluginJar : add i2s
2025-12-01 17:29:35,273 [INFO] IPUIPlugin:80 - create IPUIPlugin
2025-12-01 17:29:35,274 [INFO] PluginManager:220 - loadIPPluginJar : add i3c
2025-12-01 17:29:35,279 [INFO] IPUIPlugin:80 - create IPUIPlugin
2025-12-01 17:29:35,279 [INFO] PluginManager:220 - loadIPPluginJar : add ipddr
2025-12-01 17:29:35,288 [INFO] IPUIPlugin:80 - create IPUIPlugin
2025-12-01 17:29:35,289 [INFO] PluginManager:220 - loadIPPluginJar : add linkedlist
2025-12-01 17:29:35,293 [INFO] IPUIPlugin:80 - create IPUIPlugin
2025-12-01 17:29:35,294 [INFO] PluginManager:220 - loadIPPluginJar : add lorawan
2025-12-01 17:29:35,296 [INFO] IPUIPlugin:80 - create IPUIPlugin
2025-12-01 17:29:35,296 [INFO] PluginManager:220 - loadIPPluginJar : add ltdc
2025-12-01 17:29:35,305 [INFO] IPUIPlugin:80 - create IPUIPlugin
2025-12-01 17:29:35,306 [INFO] PluginManager:220 - loadIPPluginJar : add mdma
2025-12-01 17:29:35,312 [INFO] IPUIPlugin:80 - create IPUIPlugin
2025-12-01 17:29:35,312 [INFO] PluginManager:220 - loadIPPluginJar : add nvic
2025-12-01 17:29:35,317 [INFO] IPUIPlugin:80 - create IPUIPlugin
2025-12-01 17:29:35,317 [INFO] PluginManager:220 - loadIPPluginJar : add opamp
2025-12-01 17:29:35,322 [INFO] IPUIPlugin:80 - create IPUIPlugin
2025-12-01 17:29:35,323 [INFO] PluginManager:220 - loadIPPluginJar : add openamp
2025-12-01 17:29:35,328 [INFO] IPUIPlugin:80 - create IPUIPlugin
2025-12-01 17:29:35,328 [INFO] PluginManager:220 - loadIPPluginJar : add pdm2pcm
2025-12-01 17:29:35,337 [INFO] IPUIPlugin:80 - create IPUIPlugin
2025-12-01 17:29:35,340 [INFO] PluginManager:220 - loadIPPluginJar : add plateformsettings
2025-12-01 17:29:35,342 [INFO] IPUIPlugin:80 - create IPUIPlugin
2025-12-01 17:29:35,342 [INFO] PluginManager:220 - loadIPPluginJar : add quadspi
2025-12-01 17:29:35,345 [INFO] IPUIPlugin:80 - create IPUIPlugin
2025-12-01 17:29:35,347 [INFO] PluginManager:220 - loadIPPluginJar : add radio
2025-12-01 17:29:35,352 [INFO] IPUIPlugin:80 - create IPUIPlugin
2025-12-01 17:29:35,352 [INFO] PluginManager:220 - loadIPPluginJar : add resmgrutility
2025-12-01 17:29:35,357 [INFO] IPUIPlugin:80 - create IPUIPlugin
2025-12-01 17:29:35,358 [INFO] PluginManager:220 - loadIPPluginJar : add sai
2025-12-01 17:29:35,363 [INFO] IPUIPlugin:80 - create IPUIPlugin
2025-12-01 17:29:35,364 [INFO] PluginManager:220 - loadIPPluginJar : add spi
2025-12-01 17:29:35,372 [INFO] IPUIPlugin:80 - create IPUIPlugin
2025-12-01 17:29:35,372 [INFO] PluginManager:220 - loadIPPluginJar : add stm32_wpan
2025-12-01 17:29:35,375 [INFO] IPUIPlugin:80 - create IPUIPlugin
2025-12-01 17:29:35,375 [INFO] PluginManager:220 - loadIPPluginJar : add tim
2025-12-01 17:29:35,379 [INFO] IPUIPlugin:80 - create IPUIPlugin
2025-12-01 17:29:35,380 [INFO] PluginManager:220 - loadIPPluginJar : add touchsensing
2025-12-01 17:29:35,383 [INFO] IPUIPlugin:80 - create IPUIPlugin
2025-12-01 17:29:35,383 [INFO] PluginManager:220 - loadIPPluginJar : add tracer_emb
2025-12-01 17:29:35,386 [INFO] IPUIPlugin:80 - create IPUIPlugin
2025-12-01 17:29:35,386 [INFO] PluginManager:220 - loadIPPluginJar : add ts
2025-12-01 17:29:35,389 [INFO] IPUIPlugin:80 - create IPUIPlugin
2025-12-01 17:29:35,389 [INFO] PluginManager:220 - loadIPPluginJar : add tsc
2025-12-01 17:29:35,391 [INFO] IPUIPlugin:80 - create IPUIPlugin
2025-12-01 17:29:35,392 [INFO] PluginManager:220 - loadIPPluginJar : add ucpd
2025-12-01 17:29:35,396 [INFO] IPUIPlugin:80 - create IPUIPlugin
2025-12-01 17:29:35,396 [INFO] PluginManager:220 - loadIPPluginJar : add usart
2025-12-01 17:29:35,401 [INFO] IPUIPlugin:80 - create IPUIPlugin
2025-12-01 17:29:35,401 [INFO] PluginManager:220 - loadIPPluginJar : add usbx
2025-12-01 17:29:35,561 [FATAL] Updater:351 - Updater called before beeing initialized
2025-12-01 17:29:35,604 [INFO] RulesReader:64 - Compatibility file has been processed (317 Rules)
2025-12-01 17:29:35,622 [INFO] RulesReader:64 - Compatibility file has been processed (317 Rules)
2025-12-01 17:29:35,635 [INFO] CADModel:165 - CPN selected for project level
2025-12-01 17:29:35,635 [INFO] CADModel:114 - Register for checkConnection events
2025-12-01 17:29:35,635 [FATAL] Updater:351 - Updater called before beeing initialized
2025-12-01 17:29:35,635 [ERROR] CADModel:125 - Updater not yet initialized, retry later 
2025-12-01 17:29:35,907 [FATAL] Updater:351 - Updater called before beeing initialized
2025-12-01 17:29:35,910 [INFO] CADModel:165 - CPN selected for project level
2025-12-01 17:29:35,911 [INFO] CADModel:114 - Register for checkConnection events
2025-12-01 17:29:35,911 [FATAL] Updater:351 - Updater called before beeing initialized
2025-12-01 17:29:35,911 [ERROR] CADModel:125 - Updater not yet initialized, retry later 
2025-12-01 17:29:35,916 [FATAL] Updater:351 - Updater called before beeing initialized
2025-12-01 17:29:36,150 [FATAL] Updater:351 - Updater called before beeing initialized
2025-12-01 17:29:36,158 [INFO] DbMcusAds:53 - JSON generation date=Fri Nov 07 06:13:48 EST 2025 (1762514028714)
2025-12-01 17:29:36,158 [FATAL] Updater:351 - Updater called before beeing initialized
2025-12-01 17:29:36,211 [WARN] DetailPanel:346 - Failed to get advertising image, set to default
2025-12-01 17:29:36,337 [FATAL] Updater:351 - Updater called before beeing initialized
2025-12-01 17:29:36,339 [FATAL] Updater:351 - Updater called before beeing initialized
2025-12-01 17:29:36,339 [FATAL] Updater:351 - Updater called before beeing initialized
2025-12-01 17:29:36,340 [WARN] DetailPanel:346 - Failed to get advertising image, set to default
2025-12-01 17:29:36,341 [FATAL] Updater:351 - Updater called before beeing initialized
2025-12-01 17:29:36,417 [ERROR] Updater:1198 - MainUpdater not yet initialized. External WinMGr cannot be set.
2025-12-01 17:29:36,420 [INFO] Updater:1134 - Updater Version found : 6.15.0
2025-12-01 17:29:36,444 [INFO] ApplicationProperties:184 - Using Application install path: C:\ST\STM32CubeIDE_1.19.0\STM32CubeIDE\plugins\com.st.stm32cube.common.mx_6.15.0.202507011659
2025-12-01 17:29:37,471 [INFO] ThirdPartyUpdaterWithRetryManager:70 - Updater plugin not ready yet. [2/15]
2025-12-01 17:29:38,023 [ERROR] LogOutputStream:75 - [STDERR_REDIRECT] Dec 01, 2025 5:29:38 PM java.util.prefs.WindowsPreferences <init>
2025-12-01 17:29:38,025 [ERROR] LogOutputStream:75 - [STDERR_REDIRECT] WARNING: Could not open/create prefs root node Software\JavaSoft\Prefs at root 0xffffffff80000002. Windows RegCreateKeyEx(...) returned error code 5.
2025-12-01 17:29:38,025 [ERROR] LogOutputStream:75 - [STDERR_REDIRECT] 
2025-12-01 17:29:38,399 [INFO] MainUpdater:2872 - connection check result : 10
2025-12-01 17:29:38,401 [INFO] MainUpdater:289 - Updater Check For Update Now.
2025-12-01 17:29:38,401 [INFO] MicroXplorer:498 - Change Database Version : DB.6.0.150
2025-12-01 17:29:38,410 [INFO] McuFinderGlobals:63 - Set McuFinder mode to 2 (CubeIDE integrated)
2025-12-01 17:29:38,410 [INFO] UserAuth:171 - activating auth plugin
2025-12-01 17:29:38,416 [INFO] UserAuth:487 - Internet connection configuration mode: 1
2025-12-01 17:29:38,448 [INFO] JxBrowserEngine:152 - Initiate JxBrowser Engine with user profile folder
2025-12-01 17:29:38,664 [INFO] CheckServerUpdateThread:120 - End of CheckServer Thread
2025-12-01 17:29:39,468 [INFO] WebApp:169 - Instantiating new browser for Auth
2025-12-01 17:29:40,570 [INFO] WebApp:463 - Apply proxy settings
2025-12-01 17:29:40,570 [INFO] WebApp:548 - Chromium requires no authentication
2025-12-01 17:29:40,587 [INFO] WebApp:491 - Direct internet connection detected
2025-12-01 17:29:40,648 [INFO] WebApp:900 - Register for checkConnection events
2025-12-01 17:29:40,648 [INFO] WebApp:463 - Apply proxy settings
2025-12-01 17:29:40,649 [INFO] WebApp:548 - Chromium requires no authentication
2025-12-01 17:29:40,650 [INFO] WebApp:491 - Direct internet connection detected
2025-12-01 17:29:40,820 [INFO] WebApp:191 - Connection restablished
2025-12-01 17:29:41,064 [WARN] PackLoader:240 - Cannot read IP mode file for STMicroelectronics.FP-SNS-MOTENVWB1.1.4.0
2025-12-01 17:29:41,088 [INFO] WebApp:225 - Starting web application
2025-12-01 17:29:41,088 [INFO] WebApp:593 - Web application path used C:\ST\STM32CubeIDE_1.19.0\STM32CubeIDE\plugins\com.st.stm32cube.common.mx_6.15.0.202507011659\db\plugins\mcufinder\reactClient1\index.html
2025-12-01 17:29:41,097 [WARN] PackLoader:240 - Cannot read IP mode file for STMicroelectronics.FP-ATR-ASTRA1.2.0.2
2025-12-01 17:29:41,119 [WARN] PackLoader:240 - Cannot read IP mode file for STMicroelectronics.X-CUBE-SMBUS.2.1.0
2025-12-01 17:29:41,134 [WARN] PackLoader:240 - Cannot read IP mode file for STMicroelectronics.X-CUBE-ST60.1.0.0
2025-12-01 17:29:41,256 [WARN] PackLoader:240 - Cannot read IP mode file for STMicroelectronics.X-CUBE-AZRTOS-F7.1.1.0
2025-12-01 17:29:41,302 [WARN] PackLoader:240 - Cannot read IP mode file for Cesanta.I-CUBE-Mongoose.7.19.0
2025-12-01 17:29:41,316 [WARN] PackLoader:240 - Cannot read IP mode file for STMicroelectronics.FP-SNS-MOTENV1.5.1.0
2025-12-01 17:29:41,348 [WARN] PackLoader:240 - Cannot read IP mode file for WES.I-CUBE-Cesium.1.4.0
2025-12-01 17:29:41,412 [WARN] PackLoader:240 - Cannot read IP mode file for Infineon.AIROC-Wi-Fi-Bluetooth-STM32.1.7.1
2025-12-01 17:29:41,479 [WARN] PackLoader:240 - Cannot read IP mode file for STMicroelectronics.X-CUBE-AZRTOS-H7.3.4.0
2025-12-01 17:29:41,503 [WARN] PackLoader:240 - Cannot read IP mode file for STMicroelectronics.X-CUBE-DISPLAY.3.0.0
2025-12-01 17:29:41,548 [WARN] PackLoader:240 - Cannot read IP mode file for STMicroelectronics.X-CUBE-NFC10.1.0.0
2025-12-01 17:29:41,570 [WARN] PackLoader:240 - Cannot read IP mode file for STMicroelectronics.X-CUBE-ST60.1.1.0
2025-12-01 17:29:41,585 [WARN] PackLoader:240 - Cannot read IP mode file for emotas.I-CUBE-CANOPEN.1.3.0
2025-12-01 17:29:41,606 [WARN] PackLoader:240 - Cannot read IP mode file for STMicroelectronics.X-CUBE-GNSS1.7.1.0
2025-12-01 17:29:41,626 [WARN] PackLoader:240 - Cannot read IP mode file for STMicroelectronics.FP-SNS-STBOX1.2.1.0
2025-12-01 17:29:41,663 [WARN] PackLoader:240 - Cannot read IP mode file for STMicroelectronics.FP-SNS-SMARTAG2.1.2.0
2025-12-01 17:29:41,682 [WARN] PackLoader:240 - Cannot read IP mode file for STMicroelectronics.FP-SNS-FLIGHT1.5.1.0
2025-12-01 17:29:41,702 [INFO] LogOutputStream:77 - [STDOUT_REDIRECT] 1 : Invalid condition id : UX_CORESTACK_Condition cause : null
2025-12-01 17:29:41,703 [INFO] LogOutputStream:77 - [STDOUT_REDIRECT] 1 : Invalid condition id : UX_CORESTACK_Condition cause : null
2025-12-01 17:29:41,706 [INFO] LogOutputStream:77 - [STDOUT_REDIRECT] 1 : Invalid condition id : UX_CORESTACK_Condition cause : null
2025-12-01 17:29:41,708 [INFO] LogOutputStream:77 - [STDOUT_REDIRECT] 1 : Invalid condition id : UX_CORESTACK_Condition cause : null
2025-12-01 17:29:41,712 [INFO] LogOutputStream:77 - [STDOUT_REDIRECT] 1 : Invalid condition id : UX_CORESTACK_Condition cause : null
2025-12-01 17:29:41,720 [WARN] PackLoader:240 - Cannot read IP mode file for STMicroelectronics.X-CUBE-AZRTOS-WL.2.0.0
2025-12-01 17:29:41,731 [WARN] PackLoader:240 - Cannot read IP mode file for STMicroelectronics.FP-SNS-MOTENV1.5.0.0
2025-12-01 17:29:41,776 [WARN] PackLoader:240 - Cannot read IP mode file for STMicroelectronics.X-CUBE-AZRTOS-H7RS.1.2.0
2025-12-01 17:29:41,795 [WARN] PackLoader:240 - Cannot read IP mode file for STMicroelectronics.X-CUBE-BLE2.3.3.0
2025-12-01 17:29:41,882 [WARN] PackLoader:240 - Cannot read IP mode file for STMicroelectronics.X-CUBE-NFC9.1.0.0
2025-12-01 17:29:41,901 [WARN] PackLoader:240 - Cannot read IP mode file for wolfSSL.I-CUBE-wolfSSL.5.8.2
2025-12-01 17:29:41,917 [WARN] PackLoader:240 - Cannot read IP mode file for STMicroelectronics.X-CUBE-BLE1.7.1.0
2025-12-01 17:29:41,926 [WARN] PackLoader:240 - Cannot read IP mode file for wolfSSL.I-CUBE-wolfMQTT.1.19.2
2025-12-01 17:29:41,938 [WARN] PackLoader:240 - Cannot read IP mode file for STMicroelectronics.X-CUBE-FREERTOS.1.4.0
2025-12-01 17:29:41,953 [WARN] PackLoader:240 - Cannot read IP mode file for STMicroelectronics.X-CUBE-EEPRMA1.5.2.0
2025-12-01 17:29:41,975 [WARN] PackLoader:240 - Cannot read IP mode file for STMicroelectronics.X-CUBE-ST67W61.1.1.0
2025-12-01 17:29:42,088 [WARN] PackLoader:240 - Cannot read IP mode file for STMicroelectronics.X-CUBE-MEMS1.12.0.0
2025-12-01 17:29:42,314 [WARN] PackLoader:240 - Cannot read IP mode file for STMicroelectronics.X-CUBE-AZRTOS-G0.1.1.0
2025-12-01 17:29:42,330 [WARN] PackLoader:240 - Cannot read IP mode file for STMicroelectronics.X-CUBE-SAFEA1.1.2.2
2025-12-01 17:29:42,342 [WARN] PackLoader:240 - Cannot read IP mode file for STMicroelectronics.X-CUBE-NFC4.3.0.0
2025-12-01 17:29:42,359 [WARN] PackLoader:240 - Cannot read IP mode file for EmbeddedOffice.I-CUBE-FS-RTOS.1.0.1
2025-12-01 17:29:42,375 [WARN] PackLoader:240 - Cannot read IP mode file for STMicroelectronics.X-CUBE-WB05N.2.0.0
2025-12-01 17:29:42,386 [WARN] PackLoader:240 - Cannot read IP mode file for wolfSSL.I-CUBE-wolfTPM.3.8.0
2025-12-01 17:29:42,399 [WARN] PackLoader:240 - Cannot read IP mode file for STMicroelectronics.X-CUBE-TCPP.4.2.0
2025-12-01 17:29:42,415 [WARN] PackLoader:240 - Cannot read IP mode file for RealThread.X-CUBE-RT-Thread_Nano.4.1.1
2025-12-01 17:29:42,424 [WARN] PackLoader:240 - Cannot read IP mode file for STMicroelectronics.FP-ATR-SIGFOX1.3.2.0
2025-12-01 17:29:42,440 [WARN] PackLoader:240 - Cannot read IP mode file for ITTIA_DB.I-CUBE-ITTIADB.8.9.0
2025-12-01 17:29:42,452 [WARN] PackLoader:240 - Cannot read IP mode file for STMicroelectronics.X-CUBE-AI.10.2.0
2025-12-01 17:29:42,566 [WARN] PackLoader:240 - Cannot read IP mode file for SEGGER.I-CUBE-embOS.1.3.1
2025-12-01 17:29:42,705 [WARN] PackLoader:240 - Cannot read IP mode file for STMicroelectronics.X-CUBE-ALGOBUILD.1.4.0
2025-12-01 17:29:42,796 [WARN] PackLoader:240 - Cannot read IP mode file for STMicroelectronics.X-CUBE-MEMS1.11.3.0
2025-12-01 17:29:43,063 [WARN] PackLoader:240 - Cannot read IP mode file for STMicroelectronics.X-CUBE-PM33A1.1.0.0
2025-12-01 17:29:43,097 [WARN] PackLoader:240 - Cannot read IP mode file for STMicroelectronics.X-CUBE-AZRTOS-F4.1.1.0
2025-12-01 17:29:43,114 [WARN] PackLoader:240 - Cannot read IP mode file for STMicroelectronics.X-CUBE-ISPU.2.1.0
2025-12-01 17:29:43,138 [WARN] PackLoader:240 - Cannot read IP mode file for STMicroelectronics.X-CUBE-IPS.3.2.0
2025-12-01 17:29:43,158 [WARN] PackLoader:240 - Cannot read IP mode file for STMicroelectronics.X-CUBE-NFC12.1.0.0
2025-12-01 17:29:43,192 [WARN] PackLoader:240 - Cannot read IP mode file for STMicroelectronics.X-CUBE-AZRTOS-L5.2.0.0
2025-12-01 17:29:43,209 [WARN] PackLoader:240 - Cannot read IP mode file for STMicroelectronics.X-CUBE-NFC6.3.1.0
2025-12-01 17:29:43,220 [WARN] PackLoader:240 - Cannot read IP mode file for STMicroelectronics.X-CUBE-FREERTOS.1.3.1
2025-12-01 17:29:43,234 [WARN] PackLoader:240 - Cannot read IP mode file for STMicroelectronics.X-CUBE-TOUCHGFX.4.26.0
2025-12-01 17:29:43,245 [WARN] PackLoader:240 - Cannot read IP mode file for STMicroelectronics.FP-SNS-STAIOTCFT.1.0.0
2025-12-01 17:29:43,258 [WARN] PackLoader:240 - Cannot read IP mode file for STMicroelectronics.X-CUBE-DPower.1.3.0
2025-12-01 17:29:43,292 [WARN] ConditionMgr:438 - getConditionDescription Invalid condition id : LAN8742 Phy interface Condition cause : null
2025-12-01 17:29:43,294 [WARN] PackLoader:240 - Cannot read IP mode file for STMicroelectronics.X-CUBE-AZRTOS-L4.2.0.0
2025-12-01 17:29:43,296 [WARN] ConditionMgr:1044 - genDependencies : Invalid condition id : LAN8742 Phy interface Condition cause : null
2025-12-01 17:29:43,296 [WARN] ConditionMgr:1044 - genDependencies : Invalid condition id : LAN8742 Phy interface Condition cause : null
2025-12-01 17:29:43,297 [WARN] ConditionMgr:1044 - genDependencies : Invalid condition id : LAN8742 Phy interface Condition cause : null
2025-12-01 17:29:43,314 [WARN] PackLoader:240 - Cannot read IP mode file for STMicroelectronics.X-CUBE-SFXS2LP1.4.0.0
2025-12-01 17:29:43,334 [WARN] PackLoader:240 - Cannot read IP mode file for STMicroelectronics.X-CUBE-BLEMGR.4.1.0
2025-12-01 17:29:43,360 [WARN] ConditionMgr:438 - getConditionDescription Invalid condition id : UX DEVICE CLASS RTOS Condition cause : null
2025-12-01 17:29:43,361 [WARN] ConditionMgr:438 - getConditionDescription Invalid condition id : UX DEVICE CLASS RTOS Condition cause : null
2025-12-01 17:29:43,365 [WARN] PackLoader:240 - Cannot read IP mode file for STMicroelectronics.X-CUBE-AZRTOS-WB.2.0.0
2025-12-01 17:29:43,367 [WARN] ConditionMgr:1044 - genDependencies : Invalid condition id : UX DEVICE CLASS RTOS Condition cause : null
2025-12-01 17:29:43,368 [WARN] ConditionMgr:1044 - genDependencies : Invalid condition id : UX DEVICE CLASS RTOS Condition cause : null
2025-12-01 17:29:43,369 [WARN] ConditionMgr:1044 - genDependencies : Invalid condition id : UX DEVICE CLASS RTOS Condition cause : null
2025-12-01 17:29:43,370 [WARN] ConditionMgr:1044 - genDependencies : Invalid condition id : UX DEVICE CLASS RTOS Condition cause : null
2025-12-01 17:29:43,370 [WARN] ConditionMgr:1044 - genDependencies : Invalid condition id : UX DEVICE CLASS RTOS Condition cause : null
2025-12-01 17:29:43,379 [WARN] PackLoader:240 - Cannot read IP mode file for STMicroelectronics.X-CUBE-GNSS1.7.0.1
2025-12-01 17:29:43,390 [WARN] ConditionMgr:438 - getConditionDescription Invalid condition id : Cortex-A Device cause : null
2025-12-01 17:29:43,406 [WARN] ConditionMgr:1044 - genDependencies : Invalid condition id : Cortex-A Device cause : null
2025-12-01 17:29:43,408 [WARN] ConditionMgr:1044 - genDependencies : Invalid condition id : Cortex-A Device cause : null
2025-12-01 17:29:43,408 [WARN] ConditionMgr:1044 - genDependencies : Invalid condition id : Cortex-A Device cause : null
2025-12-01 17:29:43,425 [WARN] PackLoader:240 - Cannot read IP mode file for STMicroelectronics.X-CUBE-SUBG2.5.0.0
2025-12-01 17:29:43,451 [WARN] PackLoader:240 - Cannot read IP mode file for STMicroelectronics.X-CUBE-AZRTOS-H7RS.1.1.0
2025-12-01 17:29:43,488 [WARN] PackLoader:240 - Cannot read IP mode file for STMicroelectronics.X-CUBE-AZRTOS-G4.2.0.0
2025-12-01 17:29:43,497 [WARN] PackLoader:240 - Cannot read IP mode file for wolfSSL.I-CUBE-wolfSSH.1.4.20
2025-12-01 17:29:43,504 [WARN] PackLoader:240 - Cannot read IP mode file for STMicroelectronics.X-CUBE-NFC7.2.0.0
2025-12-01 17:29:43,514 [WARN] PackLoader:240 - Cannot read IP mode file for STMicroelectronics.X-CUBE-ALS.1.0.2
2025-12-01 17:29:43,524 [WARN] PackLoader:240 - Cannot read IP mode file for STMicroelectronics.X-CUBE-STSE01.1.0.0
2025-12-01 17:29:43,539 [WARN] PackLoader:240 - Cannot read IP mode file for STMicroelectronics.X-CUBE-TOF1.3.4.3
2025-12-01 17:29:43,559 [INFO] ThirdParty:978 - Integrity check success = true
2025-12-01 17:29:43,560 [INFO] IntegrityCheckThread:100 - exiting critical section [integrity check]
2025-12-01 17:29:43,560 [INFO] IntegrityCheckThread:103 - End integrity checks thread
2025-12-01 18:55:37,937 [INFO] WebApp:194 - Connection lost
2025-12-01 18:57:08,569 [INFO] WebApp:191 - Connection restablished
2025-12-01 18:57:11,687 [INFO] WebApp:194 - Connection lost
2025-12-01 18:57:11,809 [INFO] WebApp:191 - Connection restablished
2025-12-01 18:57:43,845 [INFO] WebApp:194 - Connection lost
2025-12-01 18:57:43,971 [INFO] WebApp:191 - Connection restablished
2025-12-01 18:57:47,202 [INFO] WebApp:194 - Connection lost
2025-12-01 18:57:47,455 [INFO] WebApp:191 - Connection restablished
2025-12-01 19:33:34,732 [INFO] WebApp:194 - Connection lost
2025-12-01 19:33:34,982 [INFO] WebApp:191 - Connection restablished
2025-12-01 19:33:45,741 [INFO] WebApp:194 - Connection lost
2025-12-01 19:33:48,516 [INFO] WebApp:191 - Connection restablished
2025-12-01 19:33:53,174 [INFO] WebApp:194 - Connection lost
2025-12-01 19:33:56,409 [INFO] WebApp:191 - Connection restablished
2025-12-01 19:34:01,215 [INFO] WebApp:194 - Connection lost
2025-12-01 19:34:01,352 [INFO] WebApp:191 - Connection restablished
2025-12-01 19:34:22,698 [INFO] WebApp:194 - Connection lost
2025-12-01 19:34:23,650 [INFO] WebApp:191 - Connection restablished
2025-12-01 19:34:28,707 [INFO] WebApp:194 - Connection lost
2025-12-01 19:34:28,853 [INFO] WebApp:191 - Connection restablished
2025-12-01 19:35:03,213 [INFO] WebApp:194 - Connection lost
2025-12-01 19:35:03,374 [INFO] WebApp:191 - Connection restablished
2025-12-01 19:35:33,725 [INFO] WebApp:194 - Connection lost
2025-12-01 19:35:35,951 [INFO] WebApp:191 - Connection restablished
2025-12-01 19:35:39,736 [INFO] WebApp:194 - Connection lost
2025-12-01 19:35:39,879 [INFO] WebApp:191 - Connection restablished
2025-12-01 19:35:51,214 [INFO] WebApp:194 - Connection lost
2025-12-01 19:36:00,937 [INFO] WebApp:191 - Connection restablished
2025-12-01 19:36:14,020 [INFO] WebApp:194 - Connection lost
